<?xml version="1.0" encoding="UTF-8"?>
<testng-results ignored="0" total="1" passed="1" failed="0" skipped="0">
  <reporter-output>
  </reporter-output>
  <suite started-at="2025-05-09T07:21:15 IST" name="Suite" finished-at="2025-05-09T07:21:31 IST" duration-ms="15474">
    <groups>
    </groups>
    <test started-at="2025-05-09T07:21:15 IST" name="Test" finished-at="2025-05-09T07:21:31 IST" duration-ms="15474">
      <class name="JenkinsDemoTest.JenkinsDemoTest">
        <test-method signature="login()[pri:0, instance:JenkinsDemoTest.JenkinsDemoTest@740cae06]" started-at="2025-05-09T07:21:15 IST" name="login" finished-at="2025-05-09T07:21:31 IST" duration-ms="15406" status="PASS">
          <reporter-output>
          </reporter-output>
        </test-method> <!-- login -->
      </class> <!-- JenkinsDemoTest.JenkinsDemoTest -->
    </test> <!-- Test -->
  </suite> <!-- Suite -->
</testng-results>
